<?xml version="1.0" encoding="UTF-8"?>
<!-- Generated by org.testng.reporters.JUnitXMLReporter -->
<testsuite hostname="asd1558po01976" ignored="0" tests="8" failures="0" timestamp="26 Jun 2018 07:52:07 GMT" time="0.133" errors="0">
  <testcase name="DeleteUnregisteredPlayer" time="0.004" classname="TestSnl"/>
  <testcase name="GameInProgressException" time="0.006" classname="TestSnl"/>
  <testcase name="checkThatTurnIsChanging" time="0.006" classname="TestSnl"/>
  <testcase name="deleteRegisteredPlayer" time="0.006" classname="TestSnl"/>
  <testcase name="playerIsAlreadyRegisterd" time="0.003" classname="TestSnl"/>
  <testcase name="test_Invalid_turn" time="0.006" classname="TestSnl"/>
  <testcase name="test_position_chnaged_or_not" time="0.01" classname="TestSnl"/>
  <testcase name="addMaxPlayers" time="0.009" classname="TestSnl"/>
</testsuite>
